2020-03-28T23:15:52+00:00 CRITICAL Uncaught Error: Call to undefined function twentynineteen_get_svg() in C:\xampp\htdocs\wordpress\wp-content\themes\MarkAnnandaleProject-OneUp\custom-post-template.php:28
Stack trace:
#0 C:\xampp\htdocs\wordpress\wp-includes\template-loader.php(98): include()
#1 C:\xampp\htdocs\wordpress\wp-blog-header.php(19): require_once('C:\\xampp\\htdocs...')
#2 C:\xampp\htdocs\wordpress\index.php(17): require('C:\\xampp\\htdocs...')
#3 {main}
  thrown in C:\xampp\htdocs\wordpress\wp-content\themes\MarkAnnandaleProject-OneUp\custom-post-template.php on line 28

2020-03-28T23:16:23+00:00 CRITICAL Uncaught Error: Call to undefined function twentynineteen_get_svg() in C:\xampp\htdocs\wordpress\wp-content\themes\MarkAnnandaleProject-OneUp\custom-post-template.php:28
Stack trace:
#0 C:\xampp\htdocs\wordpress\wp-includes\template-loader.php(98): include()
#1 C:\xampp\htdocs\wordpress\wp-blog-header.php(19): require_once('C:\\xampp\\htdocs...')
#2 C:\xampp\htdocs\wordpress\index.php(17): require('C:\\xampp\\htdocs...')
#3 {main}
  thrown in C:\xampp\htdocs\wordpress\wp-content\themes\MarkAnnandaleProject-OneUp\custom-post-template.php on line 28

2020-03-28T23:20:14+00:00 CRITICAL Uncaught Error: Call to undefined function twentynineteen_get_svg() in C:\xampp\htdocs\wordpress\wp-content\themes\MarkAnnandaleProject-OneUp\custom-post-template.php:28
Stack trace:
#0 C:\xampp\htdocs\wordpress\wp-includes\template-loader.php(98): include()
#1 C:\xampp\htdocs\wordpress\wp-blog-header.php(19): require_once('C:\\xampp\\htdocs...')
#2 C:\xampp\htdocs\wordpress\index.php(17): require('C:\\xampp\\htdocs...')
#3 {main}
  thrown in C:\xampp\htdocs\wordpress\wp-content\themes\MarkAnnandaleProject-OneUp\custom-post-template.php on line 28

